<?xml version="1.0" encoding="UTF-8"?>
<testng-results ignored="0" total="2" passed="2" failed="0" skipped="0">
  <reporter-output>
  </reporter-output>
  <suite started-at="2023-04-04T23:44:24Z" name="Default suite" finished-at="2023-04-04T23:44:30Z" duration-ms="5989">
    <groups>
    </groups>
    <test started-at="2023-04-04T23:44:24Z" name="Default test" finished-at="2023-04-04T23:44:30Z" duration-ms="5989">
      <class name="test.TestNG">
        <test-method is-config="true" signature="launchBrowser()[pri:0, instance:test.TestNG@4ebff610]" started-at="2023-04-04T23:44:24Z" name="launchBrowser" finished-at="2023-04-04T23:44:27Z" duration-ms="2962" status="PASS">
          <reporter-output>
          </reporter-output>
        </test-method> <!-- launchBrowser -->
        <test-method signature="addCategory()[pri:0, instance:test.TestNG@4ebff610]" started-at="2023-04-04T23:44:27Z" name="addCategory" finished-at="2023-04-04T23:44:28Z" duration-ms="402" status="PASS">
          <reporter-output>
          </reporter-output>
        </test-method> <!-- addCategory -->
        <test-method is-config="true" signature="launchBrowser()[pri:0, instance:test.TestNG@4ebff610]" started-at="2023-04-04T23:44:28Z" name="launchBrowser" finished-at="2023-04-04T23:44:30Z" duration-ms="1708" status="PASS">
          <reporter-output>
          </reporter-output>
        </test-method> <!-- launchBrowser -->
        <test-method signature="duplicateCategory()[pri:0, instance:test.TestNG@4ebff610]" started-at="2023-04-04T23:44:30Z" name="duplicateCategory" finished-at="2023-04-04T23:44:30Z" duration-ms="409" status="PASS">
          <reporter-output>
          </reporter-output>
        </test-method> <!-- duplicateCategory -->
        <test-method is-config="true" signature="tearDown()[pri:0, instance:test.TestNG@4ebff610]" started-at="2023-04-04T23:44:30Z" name="tearDown" finished-at="2023-04-04T23:44:30Z" duration-ms="457" status="PASS">
          <reporter-output>
          </reporter-output>
        </test-method> <!-- tearDown -->
      </class> <!-- test.TestNG -->
    </test> <!-- Default test -->
  </suite> <!-- Default suite -->
</testng-results>
